<?xml version="1.0" encoding="UTF-8"?>
<!-- Generated by org.testng.reporters.JUnitReportReporter -->
<testsuite hostname="Harsh_Yashi" failures="0" tests="1" name="TestRunner.CucumberTestRunner" time="14.447" errors="0" timestamp="2024-08-24T16:39:50 SGT" skipped="0">
  <testcase classname="TestRunner.CucumberTestRunner" name="runScenario" time="14.447"/>
</testsuite> <!-- TestRunner.CucumberTestRunner -->
