<?xml version="1.0" encoding="UTF-8"?>
<!-- Generated by org.testng.reporters.JUnitReportReporter -->
<testsuite hostname="Harsh_Yashi" failures="0" tests="1" name="TestRunner.CucumberTestRunner" time="1.660" errors="0" timestamp="2024-08-24T15:00:12 SGT" skipped="0">
  <testcase classname="TestRunner.CucumberTestRunner" name="runScenario" time="1.660"/>
</testsuite> <!-- TestRunner.CucumberTestRunner -->
